  wavtomp3.cpp
LINK : warning LNK4098: defaultlib 'LIBCMTD' conflicts with use of other libs; use /NODEFAULTLIB:library
pthreads.lib(pthread.obj) : warning LNK4099: PDB 'pthreads_lib.pdb' was not found with 'pthreads.lib(pthread.obj)' or at 'D:\github\WAVTOMP3\VC++ Project\Release\pthreads_lib.pdb'; linking object as if no debug info
libmp3lame-static.lib(bitstream.obj) : warning LNK4099: PDB 'libmp3lame-static.pdb' was not found with 'libmp3lame-static.lib(bitstream.obj)' or at 'D:\github\WAVTOMP3\VC++ Project\Release\libmp3lame-static.pdb'; linking object as if no debug info
libmp3lame-static.lib(encoder.obj) : warning LNK4099: PDB 'libmp3lame-static.pdb' was not found with 'libmp3lame-static.lib(encoder.obj)' or at 'D:\github\WAVTOMP3\VC++ Project\Release\libmp3lame-static.pdb'; linking object as if no debug info
libmp3lame-static.lib(fft.obj) : warning LNK4099: PDB 'libmp3lame-static.pdb' was not found with 'libmp3lame-static.lib(fft.obj)' or at 'D:\github\WAVTOMP3\VC++ Project\Release\libmp3lame-static.pdb'; linking object as if no debug info
libmp3lame-static.lib(gain_analysis.obj) : warning LNK4099: PDB 'libmp3lame-static.pdb' was not found with 'libmp3lame-static.lib(gain_analysis.obj)' or at 'D:\github\WAVTOMP3\VC++ Project\Release\libmp3lame-static.pdb'; linking object as if no debug info
libmp3lame-static.lib(id3tag.obj) : warning LNK4099: PDB 'libmp3lame-static.pdb' was not found with 'libmp3lame-static.lib(id3tag.obj)' or at 'D:\github\WAVTOMP3\VC++ Project\Release\libmp3lame-static.pdb'; linking object as if no debug info
libmp3lame-static.lib(lame.obj) : warning LNK4099: PDB 'libmp3lame-static.pdb' was not found with 'libmp3lame-static.lib(lame.obj)' or at 'D:\github\WAVTOMP3\VC++ Project\Release\libmp3lame-static.pdb'; linking object as if no debug info
libmp3lame-static.lib(mpglib_interface.obj) : warning LNK4099: PDB 'libmp3lame-static.pdb' was not found with 'libmp3lame-static.lib(mpglib_interface.obj)' or at 'D:\github\WAVTOMP3\VC++ Project\Release\libmp3lame-static.pdb'; linking object as if no debug info
libmp3lame-static.lib(newmdct.obj) : warning LNK4099: PDB 'libmp3lame-static.pdb' was not found with 'libmp3lame-static.lib(newmdct.obj)' or at 'D:\github\WAVTOMP3\VC++ Project\Release\libmp3lame-static.pdb'; linking object as if no debug info
libmp3lame-static.lib(presets.obj) : warning LNK4099: PDB 'libmp3lame-static.pdb' was not found with 'libmp3lame-static.lib(presets.obj)' or at 'D:\github\WAVTOMP3\VC++ Project\Release\libmp3lame-static.pdb'; linking object as if no debug info
libmp3lame-static.lib(psymodel.obj) : warning LNK4099: PDB 'libmp3lame-static.pdb' was not found with 'libmp3lame-static.lib(psymodel.obj)' or at 'D:\github\WAVTOMP3\VC++ Project\Release\libmp3lame-static.pdb'; linking object as if no debug info
libmp3lame-static.lib(quantize.obj) : warning LNK4099: PDB 'libmp3lame-static.pdb' was not found with 'libmp3lame-static.lib(quantize.obj)' or at 'D:\github\WAVTOMP3\VC++ Project\Release\libmp3lame-static.pdb'; linking object as if no debug info
libmp3lame-static.lib(quantize_pvt.obj) : warning LNK4099: PDB 'libmp3lame-static.pdb' was not found with 'libmp3lame-static.lib(quantize_pvt.obj)' or at 'D:\github\WAVTOMP3\VC++ Project\Release\libmp3lame-static.pdb'; linking object as if no debug info
libmp3lame-static.lib(reservoir.obj) : warning LNK4099: PDB 'libmp3lame-static.pdb' was not found with 'libmp3lame-static.lib(reservoir.obj)' or at 'D:\github\WAVTOMP3\VC++ Project\Release\libmp3lame-static.pdb'; linking object as if no debug info
libmp3lame-static.lib(set_get.obj) : warning LNK4099: PDB 'libmp3lame-static.pdb' was not found with 'libmp3lame-static.lib(set_get.obj)' or at 'D:\github\WAVTOMP3\VC++ Project\Release\libmp3lame-static.pdb'; linking object as if no debug info
libmp3lame-static.lib(tables.obj) : warning LNK4099: PDB 'libmp3lame-static.pdb' was not found with 'libmp3lame-static.lib(tables.obj)' or at 'D:\github\WAVTOMP3\VC++ Project\Release\libmp3lame-static.pdb'; linking object as if no debug info
libmp3lame-static.lib(takehiro.obj) : warning LNK4099: PDB 'libmp3lame-static.pdb' was not found with 'libmp3lame-static.lib(takehiro.obj)' or at 'D:\github\WAVTOMP3\VC++ Project\Release\libmp3lame-static.pdb'; linking object as if no debug info
libmp3lame-static.lib(util.obj) : warning LNK4099: PDB 'libmp3lame-static.pdb' was not found with 'libmp3lame-static.lib(util.obj)' or at 'D:\github\WAVTOMP3\VC++ Project\Release\libmp3lame-static.pdb'; linking object as if no debug info
libmp3lame-static.lib(vbrquantize.obj) : warning LNK4099: PDB 'libmp3lame-static.pdb' was not found with 'libmp3lame-static.lib(vbrquantize.obj)' or at 'D:\github\WAVTOMP3\VC++ Project\Release\libmp3lame-static.pdb'; linking object as if no debug info
libmp3lame-static.lib(VbrTag.obj) : warning LNK4099: PDB 'libmp3lame-static.pdb' was not found with 'libmp3lame-static.lib(VbrTag.obj)' or at 'D:\github\WAVTOMP3\VC++ Project\Release\libmp3lame-static.pdb'; linking object as if no debug info
libmp3lame-static.lib(version.obj) : warning LNK4099: PDB 'libmp3lame-static.pdb' was not found with 'libmp3lame-static.lib(version.obj)' or at 'D:\github\WAVTOMP3\VC++ Project\Release\libmp3lame-static.pdb'; linking object as if no debug info
libmpghip-static.lib(common.obj) : warning LNK4099: PDB 'libmpghip-static.pdb' was not found with 'libmpghip-static.lib(common.obj)' or at 'D:\github\WAVTOMP3\VC++ Project\Release\libmpghip-static.pdb'; linking object as if no debug info
libmpghip-static.lib(dct64_i386.obj) : warning LNK4099: PDB 'libmpghip-static.pdb' was not found with 'libmpghip-static.lib(dct64_i386.obj)' or at 'D:\github\WAVTOMP3\VC++ Project\Release\libmpghip-static.pdb'; linking object as if no debug info
libmpghip-static.lib(decode_i386.obj) : warning LNK4099: PDB 'libmpghip-static.pdb' was not found with 'libmpghip-static.lib(decode_i386.obj)' or at 'D:\github\WAVTOMP3\VC++ Project\Release\libmpghip-static.pdb'; linking object as if no debug info
libmpghip-static.lib(interface.obj) : warning LNK4099: PDB 'libmpghip-static.pdb' was not found with 'libmpghip-static.lib(interface.obj)' or at 'D:\github\WAVTOMP3\VC++ Project\Release\libmpghip-static.pdb'; linking object as if no debug info
libmpghip-static.lib(layer1.obj) : warning LNK4099: PDB 'libmpghip-static.pdb' was not found with 'libmpghip-static.lib(layer1.obj)' or at 'D:\github\WAVTOMP3\VC++ Project\Release\libmpghip-static.pdb'; linking object as if no debug info
libmpghip-static.lib(layer2.obj) : warning LNK4099: PDB 'libmpghip-static.pdb' was not found with 'libmpghip-static.lib(layer2.obj)' or at 'D:\github\WAVTOMP3\VC++ Project\Release\libmpghip-static.pdb'; linking object as if no debug info
libmpghip-static.lib(layer3.obj) : warning LNK4099: PDB 'libmpghip-static.pdb' was not found with 'libmpghip-static.lib(layer3.obj)' or at 'D:\github\WAVTOMP3\VC++ Project\Release\libmpghip-static.pdb'; linking object as if no debug info
libmpghip-static.lib(tabinit.obj) : warning LNK4099: PDB 'libmpghip-static.pdb' was not found with 'libmpghip-static.lib(tabinit.obj)' or at 'D:\github\WAVTOMP3\VC++ Project\Release\libmpghip-static.pdb'; linking object as if no debug info
  WAVTOMP3.vcxproj -> D:\github\WAVTOMP3\VC++ Project\Release\WAVTOMP3.exe
